Detecting compiler hash for triplet x64-windows...
All requested packages are currently installed.
Restored 0 package(s) from C:\Users\perso\AppData\Local\vcpkg\archives in 87.3 us. Use --debug to see more details.
Total install time: 102 us
The package boost is compatible with built-in CMake targets:

    find_package(Boost REQUIRED [COMPONENTS <libs>...])
    target_link_libraries(main PRIVATE Boost::boost Boost::<lib1> Boost::<lib2> ...)

The package fmt provides CMake targets:

    find_package(fmt CONFIG REQUIRED)
    target_link_libraries(main PRIVATE fmt::fmt)

    # Or use the header-only version
    find_package(fmt CONFIG REQUIRED)
    target_link_libraries(main PRIVATE fmt::fmt-header-only)

glfw3 provides CMake targets:

    # this is heuristically generated, and may not be correct
    find_package(glfw3 CONFIG REQUIRED)
    target_link_libraries(main PRIVATE glfw)

libsndfile provides CMake targets:

    # this is heuristically generated, and may not be correct
    find_package(SndFile CONFIG REQUIRED)
    target_link_libraries(main PRIVATE SndFile::sndfile)

portaudio provides CMake targets:

    # this is heuristically generated, and may not be correct
    find_package(portaudio CONFIG REQUIRED)
    target_link_libraries(main PRIVATE portaudio)

